Determining if the pthread_create exist failed with the following output:
Change Dir: /home/chenshiyang/pclPractice/build/CMakeFiles/CMakeTmp

Run Build Command:"/usr/bin/make" "cmTC_ee1a4/fast"
/usr/bin/make -f CMakeFiles/cmTC_ee1a4.dir/build.make CMakeFiles/cmTC_ee1a4.dir/build
make[1]: 进入目录“/home/chenshiyang/pclPractice/build/CMakeFiles/CMakeTmp”
Building C object CMakeFiles/cmTC_ee1a4.dir/CheckSymbolExists.c.o
/usr/bin/cc    -o CMakeFiles/cmTC_ee1a4.dir/CheckSymbolExists.c.o   -c /home/chenshiyang/pclPractice/build/CMakeFiles/CMakeTmp/CheckSymbolExists.c
Linking C executable cmTC_ee1a4
/usr/bin/cmake -E cmake_link_script CMakeFiles/cmTC_ee1a4.dir/link.txt --verbose=1
/usr/bin/cc      -rdynamic CMakeFiles/cmTC_ee1a4.dir/CheckSymbolExists.c.o  -o cmTC_ee1a4 
CMakeFiles/cmTC_ee1a4.dir/CheckSymbolExists.c.o：在函数‘main’中：
CheckSymbolExists.c:(.text+0x1b)：对‘pthread_create’未定义的引用
collect2: error: ld returned 1 exit status
CMakeFiles/cmTC_ee1a4.dir/build.make:97: recipe for target 'cmTC_ee1a4' failed
make[1]: *** [cmTC_ee1a4] Error 1
make[1]: 离开目录“/home/chenshiyang/pclPractice/build/CMakeFiles/CMakeTmp”
Makefile:126: recipe for target 'cmTC_ee1a4/fast' failed
make: *** [cmTC_ee1a4/fast] Error 2

File /home/chenshiyang/pclPractice/build/CMakeFiles/CMakeTmp/CheckSymbolExists.c:
/* */
#include <pthread.h>

int main(int argc, char** argv)
{
  (void)argv;
#ifndef pthread_create
  return ((int*)(&pthread_create))[argc];
#else
  (void)argc;
  return 0;
#endif
}

Determining if the function pthread_create exists in the pthreads failed with the following output:
Change Dir: /home/chenshiyang/pclPractice/build/CMakeFiles/CMakeTmp

Run Build Command:"/usr/bin/make" "cmTC_ed885/fast"
/usr/bin/make -f CMakeFiles/cmTC_ed885.dir/build.make CMakeFiles/cmTC_ed885.dir/build
make[1]: 进入目录“/home/chenshiyang/pclPractice/build/CMakeFiles/CMakeTmp”
Building C object CMakeFiles/cmTC_ed885.dir/CheckFunctionExists.c.o
/usr/bin/cc   -DCHECK_FUNCTION_EXISTS=pthread_create   -o CMakeFiles/cmTC_ed885.dir/CheckFunctionExists.c.o   -c /usr/share/cmake-3.10/Modules/CheckFunctionExists.c
Linking C executable cmTC_ed885
/usr/bin/cmake -E cmake_link_script CMakeFiles/cmTC_ed885.dir/link.txt --verbose=1
/usr/bin/cc  -DCHECK_FUNCTION_EXISTS=pthread_create    -rdynamic CMakeFiles/cmTC_ed885.dir/CheckFunctionExists.c.o  -o cmTC_ed885 -lpthreads 
/usr/bin/ld: 找不到 -lpthreads
collect2: error: ld returned 1 exit status
CMakeFiles/cmTC_ed885.dir/build.make:97: recipe for target 'cmTC_ed885' failed
make[1]: *** [cmTC_ed885] Error 1
make[1]: 离开目录“/home/chenshiyang/pclPractice/build/CMakeFiles/CMakeTmp”
Makefile:126: recipe for target 'cmTC_ed885/fast' failed
make: *** [cmTC_ed885/fast] Error 2


