Determining if the pthread_create exist failed with the following output:
Change Dir: /home/chenshiyang/睿慕课/CH5三维点云配准与点云SLAM基础/pcl_demo/Registration/copy/build/CMakeFiles/CMakeTmp

Run Build Command:"/usr/bin/make" "cmTC_de651/fast"
/usr/bin/make -f CMakeFiles/cmTC_de651.dir/build.make CMakeFiles/cmTC_de651.dir/build
make[1]: 进入目录“/home/chenshiyang/睿慕课/CH5三维点云配准与点云SLAM基础/pcl_demo/Registration/copy/build/CMakeFiles/CMakeTmp”
Building C object CMakeFiles/cmTC_de651.dir/CheckSymbolExists.c.o
/usr/bin/cc    -o CMakeFiles/cmTC_de651.dir/CheckSymbolExists.c.o   -c /home/chenshiyang/睿慕课/CH5三维点云配准与点云SLAM基础/pcl_demo/Registration/copy/build/CMakeFiles/CMakeTmp/CheckSymbolExists.c
Linking C executable cmTC_de651
/usr/bin/cmake -E cmake_link_script CMakeFiles/cmTC_de651.dir/link.txt --verbose=1
/usr/bin/cc      -rdynamic CMakeFiles/cmTC_de651.dir/CheckSymbolExists.c.o  -o cmTC_de651 
CMakeFiles/cmTC_de651.dir/CheckSymbolExists.c.o：在函数‘main’中：
CheckSymbolExists.c:(.text+0x1b)：对‘pthread_create’未定义的引用
collect2: error: ld returned 1 exit status
CMakeFiles/cmTC_de651.dir/build.make:97: recipe for target 'cmTC_de651' failed
make[1]: *** [cmTC_de651] Error 1
make[1]: 离开目录“/home/chenshiyang/睿慕课/CH5三维点云配准与点云SLAM基础/pcl_demo/Registration/copy/build/CMakeFiles/CMakeTmp”
Makefile:126: recipe for target 'cmTC_de651/fast' failed
make: *** [cmTC_de651/fast] Error 2

File /home/chenshiyang/睿慕课/CH5三维点云配准与点云SLAM基础/pcl_demo/Registration/copy/build/CMakeFiles/CMakeTmp/CheckSymbolExists.c:
/* */
#include <pthread.h>

int main(int argc, char** argv)
{
  (void)argv;
#ifndef pthread_create
  return ((int*)(&pthread_create))[argc];
#else
  (void)argc;
  return 0;
#endif
}

Determining if the function pthread_create exists in the pthreads failed with the following output:
Change Dir: /home/chenshiyang/睿慕课/CH5三维点云配准与点云SLAM基础/pcl_demo/Registration/copy/build/CMakeFiles/CMakeTmp

Run Build Command:"/usr/bin/make" "cmTC_ad9ee/fast"
/usr/bin/make -f CMakeFiles/cmTC_ad9ee.dir/build.make CMakeFiles/cmTC_ad9ee.dir/build
make[1]: 进入目录“/home/chenshiyang/睿慕课/CH5三维点云配准与点云SLAM基础/pcl_demo/Registration/copy/build/CMakeFiles/CMakeTmp”
Building C object CMakeFiles/cmTC_ad9ee.dir/CheckFunctionExists.c.o
/usr/bin/cc   -DCHECK_FUNCTION_EXISTS=pthread_create   -o CMakeFiles/cmTC_ad9ee.dir/CheckFunctionExists.c.o   -c /usr/share/cmake-3.10/Modules/CheckFunctionExists.c
Linking C executable cmTC_ad9ee
/usr/bin/cmake -E cmake_link_script CMakeFiles/cmTC_ad9ee.dir/link.txt --verbose=1
/usr/bin/cc  -DCHECK_FUNCTION_EXISTS=pthread_create    -rdynamic CMakeFiles/cmTC_ad9ee.dir/CheckFunctionExists.c.o  -o cmTC_ad9ee -lpthreads 
/usr/bin/ld: 找不到 -lpthreads
collect2: error: ld returned 1 exit status
CMakeFiles/cmTC_ad9ee.dir/build.make:97: recipe for target 'cmTC_ad9ee' failed
make[1]: *** [cmTC_ad9ee] Error 1
make[1]: 离开目录“/home/chenshiyang/睿慕课/CH5三维点云配准与点云SLAM基础/pcl_demo/Registration/copy/build/CMakeFiles/CMakeTmp”
Makefile:126: recipe for target 'cmTC_ad9ee/fast' failed
make: *** [cmTC_ad9ee/fast] Error 2


